Determining if the pthread_create exist failed with the following output:
Change Dir: /home/sf/darknet/CMakeFiles/CMakeTmp

Run Build Command(s):/usr/bin/make cmTC_24d15/fast 
/usr/bin/make -f CMakeFiles/cmTC_24d15.dir/build.make CMakeFiles/cmTC_24d15.dir/build
make[1]: Entering directory '/home/sf/darknet/CMakeFiles/CMakeTmp'
Building C object CMakeFiles/cmTC_24d15.dir/CheckSymbolExists.c.o
/usr/bin/cc   -fPIC    -o CMakeFiles/cmTC_24d15.dir/CheckSymbolExists.c.o   -c /home/sf/darknet/CMakeFiles/CMakeTmp/CheckSymbolExists.c
Linking C executable cmTC_24d15
/usr/local/lib/python3.7/dist-packages/cmake/data/bin/cmake -E cmake_link_script CMakeFiles/cmTC_24d15.dir/link.txt --verbose=1
/usr/bin/cc -fPIC     CMakeFiles/cmTC_24d15.dir/CheckSymbolExists.c.o  -o cmTC_24d15 
CMakeFiles/cmTC_24d15.dir/CheckSymbolExists.c.o: In function `main':
CheckSymbolExists.c:(.text+0x1b): undefined reference to `pthread_create'
collect2: error: ld returned 1 exit status
CMakeFiles/cmTC_24d15.dir/build.make:86: recipe for target 'cmTC_24d15' failed
make[1]: *** [cmTC_24d15] Error 1
make[1]: Leaving directory '/home/sf/darknet/CMakeFiles/CMakeTmp'
Makefile:121: recipe for target 'cmTC_24d15/fast' failed
make: *** [cmTC_24d15/fast] Error 2

File /home/sf/darknet/CMakeFiles/CMakeTmp/CheckSymbolExists.c:
/* */
#include <pthread.h>

int main(int argc, char** argv)
{
  (void)argv;
#ifndef pthread_create
  return ((int*)(&pthread_create))[argc];
#else
  (void)argc;
  return 0;
#endif
}

Determining if the function pthread_create exists in the pthreads failed with the following output:
Change Dir: /home/sf/darknet/CMakeFiles/CMakeTmp

Run Build Command(s):/usr/bin/make cmTC_3d257/fast 
/usr/bin/make -f CMakeFiles/cmTC_3d257.dir/build.make CMakeFiles/cmTC_3d257.dir/build
make[1]: Entering directory '/home/sf/darknet/CMakeFiles/CMakeTmp'
Building C object CMakeFiles/cmTC_3d257.dir/CheckFunctionExists.c.o
/usr/bin/cc   -fPIC -DCHECK_FUNCTION_EXISTS=pthread_create   -o CMakeFiles/cmTC_3d257.dir/CheckFunctionExists.c.o   -c /usr/local/lib/python3.7/dist-packages/cmake/data/share/cmake-3.14/Modules/CheckFunctionExists.c
Linking C executable cmTC_3d257
/usr/local/lib/python3.7/dist-packages/cmake/data/bin/cmake -E cmake_link_script CMakeFiles/cmTC_3d257.dir/link.txt --verbose=1
/usr/bin/cc -fPIC -DCHECK_FUNCTION_EXISTS=pthread_create    CMakeFiles/cmTC_3d257.dir/CheckFunctionExists.c.o  -o cmTC_3d257 -lpthreads 
/usr/bin/ld: cannot find -lpthreads
collect2: error: ld returned 1 exit status
CMakeFiles/cmTC_3d257.dir/build.make:86: recipe for target 'cmTC_3d257' failed
make[1]: *** [cmTC_3d257] Error 1
make[1]: Leaving directory '/home/sf/darknet/CMakeFiles/CMakeTmp'
Makefile:121: recipe for target 'cmTC_3d257/fast' failed
make: *** [cmTC_3d257/fast] Error 2


